0 info it worked if it ends with ok
1 verbose cli [ '/Users/pepe/.nvm/v0.10.38/bin/node',
1 verbose cli   '/Users/pepe/.nvm/v0.10.38/bin/npm',
1 verbose cli   'install',
1 verbose cli   '.' ]
2 info using npm@1.4.28
3 info using node@v0.10.38
4 warn package.json themeuplaod@0.0.1 No repository field.
5 warn package.json themeuplaod@0.0.1 No README data
6 verbose readDependencies using package.json deps
7 verbose install where, deps [ '/Users/pepe/DEV/node.themeupload',
7 verbose install   [ 'coffee-script',
7 verbose install     'walkdir',
7 verbose install     'libyaml',
7 verbose install     'mime',
7 verbose install     'moment',
7 verbose install     'restler',
7 verbose install     'async',
7 verbose install     'md5' ] ]
8 info preinstall themeuplaod@0.0.1
9 verbose readDependencies using package.json deps
10 verbose already installed skipping mime@* /Users/pepe/DEV/node.themeupload
11 verbose already installed skipping moment@* /Users/pepe/DEV/node.themeupload
12 verbose already installed skipping restler@* /Users/pepe/DEV/node.themeupload
13 verbose already installed skipping async@* /Users/pepe/DEV/node.themeupload
14 verbose cache add [ 'md5@1.2.1', null ]
15 verbose cache add name=undefined spec="md5@1.2.1" args=["md5@1.2.1",null]
16 verbose parsed url { protocol: null,
16 verbose parsed url   slashes: null,
16 verbose parsed url   auth: null,
16 verbose parsed url   host: null,
16 verbose parsed url   port: null,
16 verbose parsed url   hostname: null,
16 verbose parsed url   hash: null,
16 verbose parsed url   search: null,
16 verbose parsed url   query: null,
16 verbose parsed url   pathname: 'md5@1.2.1',
16 verbose parsed url   path: 'md5@1.2.1',
16 verbose parsed url   href: 'md5@1.2.1' }
17 verbose cache add name="md5" spec="1.2.1" args=["md5","1.2.1"]
18 verbose parsed url { protocol: null,
18 verbose parsed url   slashes: null,
18 verbose parsed url   auth: null,
18 verbose parsed url   host: null,
18 verbose parsed url   port: null,
18 verbose parsed url   hostname: null,
18 verbose parsed url   hash: null,
18 verbose parsed url   search: null,
18 verbose parsed url   query: null,
18 verbose parsed url   pathname: '1.2.1',
18 verbose parsed url   path: '1.2.1',
18 verbose parsed url   href: '1.2.1' }
19 verbose addNamed [ 'md5', '1.2.1' ]
20 verbose addNamed [ '1.2.1', '1.2.1' ]
21 verbose already installed skipping coffee-script@>=1.7.1 /Users/pepe/DEV/node.themeupload
22 silly lockFile b9e8ab53-md5-1-2-1 md5@1.2.1
23 verbose lock md5@1.2.1 /Users/pepe/.npm/b9e8ab53-md5-1-2-1.lock
24 verbose already installed skipping walkdir@* /Users/pepe/DEV/node.themeupload
25 verbose already installed skipping libyaml@* /Users/pepe/DEV/node.themeupload
26 verbose request where is /md5
27 verbose request registry https://registry.npmjs.org/
28 verbose request id 77f90782d171ab01
29 verbose url raw /md5
30 verbose url resolving [ 'https://registry.npmjs.org/', './md5' ]
31 verbose url resolved https://registry.npmjs.org/md5
32 verbose request where is https://registry.npmjs.org/md5
33 info trying registry request attempt 1 at 13:56:22
34 verbose etag "AJ98LSW3G779C0RJXELYP5Z3B"
35 http GET https://registry.npmjs.org/md5
36 http 304 https://registry.npmjs.org/md5
37 silly registry.get cb [ 304,
37 silly registry.get   { date: 'Tue, 31 Mar 2015 17:56:22 GMT',
37 silly registry.get     server: 'Apache',
37 silly registry.get     via: '1.1 varnish',
37 silly registry.get     'last-modified': 'Tue, 31 Mar 2015 17:56:22 GMT',
37 silly registry.get     'cache-control': 'max-age=60',
37 silly registry.get     etag: '"AJ98LSW3G779C0RJXELYP5Z3B"',
37 silly registry.get     age: '0',
37 silly registry.get     'x-served-by': 'cache-iad2120-IAD',
37 silly registry.get     'x-cache': 'HIT',
37 silly registry.get     'x-cache-hits': '1',
37 silly registry.get     'x-timer': 'S1427824582.813967,VS0,VE60',
37 silly registry.get     vary: 'Accept',
37 silly registry.get     'content-length': '0',
37 silly registry.get     'keep-alive': 'timeout=10, max=50',
37 silly registry.get     connection: 'Keep-Alive' } ]
38 verbose etag https://registry.npmjs.org/md5 from cache
39 silly lockFile b9e8ab53-md5-1-2-1 md5@1.2.1
40 silly lockFile b9e8ab53-md5-1-2-1 md5@1.2.1
41 error Error: version not found: md5@1.2.1
41 error     at /Users/pepe/.nvm/v0.10.38/lib/node_modules/npm/lib/cache/add-named.js:125:12
41 error     at saved (/Users/pepe/.nvm/v0.10.38/lib/node_modules/npm/node_modules/npm-registry-client/lib/get.js:167:7)
41 error     at Object.oncomplete (fs.js:108:15)
42 error If you need help, you may report this *entire* log,
42 error including the npm and node versions, at:
42 error     <http://github.com/npm/npm/issues>
43 error System Darwin 14.3.0
44 error command "/Users/pepe/.nvm/v0.10.38/bin/node" "/Users/pepe/.nvm/v0.10.38/bin/npm" "install" "."
45 error cwd /Users/pepe/DEV/node.themeupload
46 error node -v v0.10.38
47 error npm -v 1.4.28
48 verbose exit [ 1, true ]
